<?xml version="1.0" encoding="UTF-8"?>
<testng-results ignored="0" total="6" passed="4" failed="2" skipped="0">
  <reporter-output>
  </reporter-output>
  <suite started-at="2023-02-27T13:31:46 IST" name="All Test Suite" finished-at="2023-02-27T13:34:28 IST" duration-ms="162823">
    <groups>
      <group name="cucumber">
        <method signature="AbstractTestNGCucumberTests.runScenario(io.cucumber.testng.PickleWrapper,io.cucumber.testng.FeatureWrapper)[pri:0, instance:runners.TestRunner@478190fc]" name="runScenario" class="io.cucumber.testng.AbstractTestNGCucumberTests"/>
      </group> <!-- cucumber -->
    </groups>
    <test started-at="2023-02-27T13:31:46 IST" name="C:/Download/Capg/Cucumber" finished-at="2023-02-27T13:34:28 IST" duration-ms="162823">
      <class name="runners.TestRunner">
        <test-method is-config="true" signature="setUpClass(org.testng.ITestContext)[pri:0, instance:runners.TestRunner@478190fc]" started-at="2023-02-27T13:31:46 IST" name="setUpClass" finished-at="2023-02-27T13:31:46 IST" duration-ms="542" status="PASS">
          <params>
            <param index="0">
              <value>
                <![CDATA[org.testng.TestRunner@3c60c681]]>
              </value>
            </param>
          </params>
          <reporter-output>
          </reporter-output>
        </test-method> <!-- setUpClass -->
        <test-method signature="runScenario(io.cucumber.testng.PickleWrapper,io.cucumber.testng.FeatureWrapper)[pri:0, instance:runners.TestRunner@478190fc]" started-at="2023-02-27T13:31:46 IST" name="runScenario" description="Runs Cucumber Scenarios" data-provider="scenarios" finished-at="2023-02-27T13:31:56 IST" duration-ms="9384" status="PASS">
          <params>
            <param index="0">
              <value>
                <![CDATA["Verify that the user should be able to search a product"]]>
              </value>
            </param>
            <param index="1">
              <value>
                <![CDATA["Customisation of product features"]]>
              </value>
            </param>
          </params>
          <reporter-output>
          </reporter-output>
        </test-method> <!-- runScenario -->
        <test-method signature="runScenario(io.cucumber.testng.PickleWrapper,io.cucumber.testng.FeatureWrapper)[pri:0, instance:runners.TestRunner@478190fc]" started-at="2023-02-27T13:31:56 IST" name="runScenario" description="Runs Cucumber Scenarios" data-provider="scenarios" finished-at="2023-02-27T13:32:22 IST" duration-ms="26265" status="PASS">
          <params>
            <param index="0">
              <value>
                <![CDATA["Verify that the user should be able to search a product"]]>
              </value>
            </param>
            <param index="1">
              <value>
                <![CDATA["Customisation of product features"]]>
              </value>
            </param>
          </params>
          <reporter-output>
          </reporter-output>
        </test-method> <!-- runScenario -->
        <test-method signature="runScenario(io.cucumber.testng.PickleWrapper,io.cucumber.testng.FeatureWrapper)[pri:0, instance:runners.TestRunner@478190fc]" started-at="2023-02-27T13:32:22 IST" name="runScenario" description="Runs Cucumber Scenarios" data-provider="scenarios" finished-at="2023-02-27T13:32:36 IST" duration-ms="14188" status="PASS">
          <params>
            <param index="0">
              <value>
                <![CDATA["Verify that the user should be able to search a product"]]>
              </value>
            </param>
            <param index="1">
              <value>
                <![CDATA["Customisation of product features"]]>
              </value>
            </param>
          </params>
          <reporter-output>
          </reporter-output>
        </test-method> <!-- runScenario -->
        <test-method signature="runScenario(io.cucumber.testng.PickleWrapper,io.cucumber.testng.FeatureWrapper)[pri:0, instance:runners.TestRunner@478190fc]" started-at="2023-02-27T13:32:36 IST" name="runScenario" description="Runs Cucumber Scenarios" data-provider="scenarios" finished-at="2023-02-27T13:32:49 IST" duration-ms="13270" status="PASS">
          <params>
            <param index="0">
              <value>
                <![CDATA["Verify that the user should be able to search a product"]]>
              </value>
            </param>
            <param index="1">
              <value>
                <![CDATA["Customisation of product features"]]>
              </value>
            </param>
          </params>
          <reporter-output>
          </reporter-output>
        </test-method> <!-- runScenario -->
        <test-method signature="runScenario(io.cucumber.testng.PickleWrapper,io.cucumber.testng.FeatureWrapper)[pri:0, instance:runners.TestRunner@478190fc]" started-at="2023-02-27T13:32:49 IST" name="runScenario" description="Runs Cucumber Scenarios" data-provider="scenarios" finished-at="2023-02-27T13:32:59 IST" duration-ms="9396" status="FAIL">
          <params>
            <param index="0">
              <value>
                <![CDATA["User should be able to search two products"]]>
              </value>
            </param>
            <param index="1">
              <value>
                <![CDATA["Customisation of product features"]]>
              </value>
            </param>
          </params>
          <exception class="java.lang.NullPointerException">
            <message>
              <![CDATA[Cannot invoke "Pages.HomePage.getSearchBox()" because "this.homePage" is null]]>
            </message>
            <full-stacktrace>
              <![CDATA[java.lang.NullPointerException: Cannot invoke "Pages.HomePage.getSearchBox()" because "this.homePage" is null
at steps.StepDefinations.the_User_Clicks_On_Searchbar_And_Enters(StepDefinations.java:68)
at ✽.: the user clicks on searchbar and enters "<products>"(file:///C:/Download/Capg/Cucumber/src/test/resources/features/Nykaa_Customisation.feature:29)
]]>
            </full-stacktrace>
          </exception> <!-- java.lang.NullPointerException -->
          <reporter-output>
          </reporter-output>
        </test-method> <!-- runScenario -->
        <test-method signature="runScenario(io.cucumber.testng.PickleWrapper,io.cucumber.testng.FeatureWrapper)[pri:0, instance:runners.TestRunner@478190fc]" started-at="2023-02-27T13:32:59 IST" name="runScenario" description="Runs Cucumber Scenarios" data-provider="scenarios" finished-at="2023-02-27T13:33:12 IST" duration-ms="13710" status="FAIL">
          <params>
            <param index="0">
              <value>
                <![CDATA["User should be able to search two products"]]>
              </value>
            </param>
            <param index="1">
              <value>
                <![CDATA["Customisation of product features"]]>
              </value>
            </param>
          </params>
          <exception class="java.lang.NullPointerException">
            <message>
              <![CDATA[Cannot invoke "Pages.HomePage.getSearchBox()" because "this.homePage" is null]]>
            </message>
            <full-stacktrace>
              <![CDATA[java.lang.NullPointerException: Cannot invoke "Pages.HomePage.getSearchBox()" because "this.homePage" is null
at steps.StepDefinations.the_User_Clicks_On_Searchbar_And_Enters(StepDefinations.java:68)
at ✽.: the user clicks on searchbar and enters "<products>"(file:///C:/Download/Capg/Cucumber/src/test/resources/features/Nykaa_Customisation.feature:29)
]]>
            </full-stacktrace>
          </exception> <!-- java.lang.NullPointerException -->
          <reporter-output>
          </reporter-output>
        </test-method> <!-- runScenario -->
        <test-method is-config="true" signature="tearDownClass()[pri:0, instance:runners.TestRunner@478190fc]" started-at="2023-02-27T13:33:12 IST" name="tearDownClass" finished-at="2023-02-27T13:34:28 IST" duration-ms="76026" status="PASS">
          <reporter-output>
          </reporter-output>
        </test-method> <!-- tearDownClass -->
      </class> <!-- runners.TestRunner -->
    </test> <!-- C:/Download/Capg/Cucumber -->
  </suite> <!-- All Test Suite -->
</testng-results>
