<?xml version="1.0" encoding="UTF-8"?>
<testsuite xmlns:xsi="http://www.w3.org/2001/XMLSchema-instance" xsi:noNamespaceSchemaLocation="https://maven.apache.org/surefire/maven-surefire-plugin/xsd/surefire-test-report-3.0.xsd" version="3.0" name="TestSuite" time="163.376" tests="6" errors="0" skipped="0" failures="2">
  <properties>
[...]
</properties>
  <testcase name="runScenario[&quot;Verify that the user should be able to search a product&quot;, &quot;Customisation of product features&quot;](1)" classname="runners.TestRunner" time="9.388">
    <system-out><![CDATA[
Scenario: Verify that the user should be able to search a product # src/test/resources/features/Nykaa_Customisation.feature:6
User is able to access the home page
  Given : User is able to access the home page.                   # steps.StepDefinations.user_is_able_to_access_the_home_page()
1
2
3
4
5
6
  Given : The user navigates to the home page                     # steps.StepDefinations.the_user_navigates_to_the_home_page()
  When : the user enter the product name                          # steps.StepDefinations.the_user_enter_the_product_name()
  Then : the products results should be displayed                 # steps.StepDefinations.the_products_results_should_be_displayed()
]]></system-out>
    <system-err><![CDATA[SLF4J: No SLF4J providers were found.
SLF4J: Defaulting to no-operation (NOP) logger implementation
SLF4J: See https://www.slf4j.org/codes.html#noProviders for further details.
Starting ChromeDriver 110.0.5481.30 (aedb656755c469651f01505a4f15e153fc606a1e-refs/branch-heads/5481@{#191}) on port 58793
Only local connections are allowed.
Please see https://chromedriver.chromium.org/security-considerations for suggestions on keeping ChromeDriver safe.
ChromeDriver was started successfully.
[1677484908.590][WARNING]: virtual void DevToolsClientImpl::AddListener(DevToolsEventListener *) subscribing a listener to the already connected DevToolsClient. Connection notification will not arrive.
Feb 27, 2023 1:31:48 PM org.openqa.selenium.remote.ProtocolHandshake createSession
INFO: Detected dialect: W3C
ERROR StatusLogger Log4j2 could not find a logging implementation. Please add log4j-core to the classpath. Using SimpleLogger to log to the console...
]]></system-err>
  </testcase>
  <testcase name="runScenario[&quot;Verify that the user should be able to search a product&quot;, &quot;Customisation of product features&quot;](2)" classname="runners.TestRunner" time="26.264">
    <system-out><![CDATA[
Scenario: Verify that the user should be able to search a product # src/test/resources/features/Nykaa_Customisation.feature:12
User is able to access the home page
  Given : User is able to access the home page.                   # steps.StepDefinations.user_is_able_to_access_the_home_page()
  Given : The user navigates to the home page                     # steps.StepDefinations.the_user_navigates_to_the_home_page()
  When : the user enter the product name                          # steps.StepDefinations.the_user_enter_the_product_name()
  Then : the products results should be displayed                 # steps.StepDefinations.the_products_results_should_be_displayed()
]]></system-out>
    <system-err><![CDATA[Starting ChromeDriver 110.0.5481.30 (aedb656755c469651f01505a4f15e153fc606a1e-refs/branch-heads/5481@{#191}) on port 17867
Only local connections are allowed.
Please see https://chromedriver.chromium.org/security-considerations for suggestions on keeping ChromeDriver safe.
ChromeDriver was started successfully.
[1677484916.970][WARNING]: virtual void DevToolsClientImpl::AddListener(DevToolsEventListener *) subscribing a listener to the already connected DevToolsClient. Connection notification will not arrive.
Feb 27, 2023 1:31:56 PM org.openqa.selenium.remote.ProtocolHandshake createSession
INFO: Detected dialect: W3C
]]></system-err>
  </testcase>
  <testcase name="runScenario[&quot;Verify that the user should be able to search a product&quot;, &quot;Customisation of product features&quot;](3)" classname="runners.TestRunner" time="14.188">
    <system-out><![CDATA[
Scenario: Verify that the user should be able to search a product # src/test/resources/features/Nykaa_Customisation.feature:17
User is able to access the home page
  Given : User is able to access the home page.                   # steps.StepDefinations.user_is_able_to_access_the_home_page()
  Given : The user navigates to the home page                     # steps.StepDefinations.the_user_navigates_to_the_home_page()
  When : the user enter the product name                          # steps.StepDefinations.the_user_enter_the_product_name()
  Then : the products results should be displayed                 # steps.StepDefinations.the_products_results_should_be_displayed()
]]></system-out>
    <system-err><![CDATA[Starting ChromeDriver 110.0.5481.30 (aedb656755c469651f01505a4f15e153fc606a1e-refs/branch-heads/5481@{#191}) on port 12945
Only local connections are allowed.
Please see https://chromedriver.chromium.org/security-considerations for suggestions on keeping ChromeDriver safe.
ChromeDriver was started successfully.
[1677484943.070][WARNING]: virtual void DevToolsClientImpl::AddListener(DevToolsEventListener *) subscribing a listener to the already connected DevToolsClient. Connection notification will not arrive.
Feb 27, 2023 1:32:23 PM org.openqa.selenium.remote.ProtocolHandshake createSession
INFO: Detected dialect: W3C
]]></system-err>
  </testcase>
  <testcase name="runScenario[&quot;Verify that the user should be able to search a product&quot;, &quot;Customisation of product features&quot;](4)" classname="runners.TestRunner" time="13.27">
    <system-out><![CDATA[
Scenario: Verify that the user should be able to search a product # src/test/resources/features/Nykaa_Customisation.feature:22
User is able to access the home page
  Given : User is able to access the home page.                   # steps.StepDefinations.user_is_able_to_access_the_home_page()
  Given : The user navigates to the home page                     # steps.StepDefinations.the_user_navigates_to_the_home_page()
  When : the user enter the product name                          # steps.StepDefinations.the_user_enter_the_product_name()
  Then : the products results should be displayed                 # steps.StepDefinations.the_products_results_should_be_displayed()
]]></system-out>
    <system-err><![CDATA[Starting ChromeDriver 110.0.5481.30 (aedb656755c469651f01505a4f15e153fc606a1e-refs/branch-heads/5481@{#191}) on port 34486
Only local connections are allowed.
Please see https://chromedriver.chromium.org/security-considerations for suggestions on keeping ChromeDriver safe.
ChromeDriver was started successfully.
[1677484957.308][WARNING]: virtual void DevToolsClientImpl::AddListener(DevToolsEventListener *) subscribing a listener to the already connected DevToolsClient. Connection notification will not arrive.
Feb 27, 2023 1:32:37 PM org.openqa.selenium.remote.ProtocolHandshake createSession
INFO: Detected dialect: W3C
]]></system-err>
  </testcase>
  <testcase name="runScenario[&quot;User should be able to search two products&quot;, &quot;Customisation of product features&quot;](5)" classname="runners.TestRunner" time="9.399">
    <failure message="Cannot invoke &quot;Pages.HomePage.getSearchBox()&quot; because &quot;this.homePage&quot; is null" type="java.lang.NullPointerException"><![CDATA[java.lang.NullPointerException: Cannot invoke "Pages.HomePage.getSearchBox()" because "this.homePage" is null
	at steps.StepDefinations.the_User_Clicks_On_Searchbar_And_Enters(StepDefinations.java:68)
	at ✽.: the user clicks on searchbar and enters "<products>"(file:///C:/Download/Capg/Cucumber/src/test/resources/features/Nykaa_Customisation.feature:29)
]]></failure>
    <system-out><![CDATA[
Scenario Outline: User should be able to search two products  # src/test/resources/features/Nykaa_Customisation.feature:33
User is able to access the home page
  Given : User is able to access the home page.               # steps.StepDefinations.user_is_able_to_access_the_home_page()
  Given : The user navigates to the home page                 # steps.StepDefinations.the_user_navigates_to_the_home_page()
  When : the user clicks on searchbar and enters "<products>" # steps.StepDefinations.the_User_Clicks_On_Searchbar_And_Enters(java.lang.String)
      java.lang.NullPointerException: Cannot invoke "Pages.HomePage.getSearchBox()" because "this.homePage" is null
	at steps.StepDefinations.the_User_Clicks_On_Searchbar_And_Enters(StepDefinations.java:68)
	at ✽.: the user clicks on searchbar and enters "<products>"(file:///C:/Download/Capg/Cucumber/src/test/resources/features/Nykaa_Customisation.feature:29)

  Then : Products gets displayed                              # steps.StepDefinations.products_Gets_Displayed(java.lang.String)

    Embedding screenshot [image/png 1078713 bytes]

]]></system-out>
    <system-err><![CDATA[Starting ChromeDriver 110.0.5481.30 (aedb656755c469651f01505a4f15e153fc606a1e-refs/branch-heads/5481@{#191}) on port 14022
Only local connections are allowed.
Please see https://chromedriver.chromium.org/security-considerations for suggestions on keeping ChromeDriver safe.
ChromeDriver was started successfully.
[1677484970.520][WARNING]: virtual void DevToolsClientImpl::AddListener(DevToolsEventListener *) subscribing a listener to the already connected DevToolsClient. Connection notification will not arrive.
Feb 27, 2023 1:32:50 PM org.openqa.selenium.remote.ProtocolHandshake createSession
INFO: Detected dialect: W3C
]]></system-err>
  </testcase>
  <testcase name="runScenario[&quot;User should be able to search two products&quot;, &quot;Customisation of product features&quot;](6)" classname="runners.TestRunner" time="13.709">
    <failure message="Cannot invoke &quot;Pages.HomePage.getSearchBox()&quot; because &quot;this.homePage&quot; is null" type="java.lang.NullPointerException"><![CDATA[java.lang.NullPointerException: Cannot invoke "Pages.HomePage.getSearchBox()" because "this.homePage" is null
	at steps.StepDefinations.the_User_Clicks_On_Searchbar_And_Enters(StepDefinations.java:68)
	at ✽.: the user clicks on searchbar and enters "<products>"(file:///C:/Download/Capg/Cucumber/src/test/resources/features/Nykaa_Customisation.feature:29)
]]></failure>
    <system-out><![CDATA[
Scenario Outline: User should be able to search two products  # src/test/resources/features/Nykaa_Customisation.feature:34
User is able to access the home page
  Given : User is able to access the home page.               # steps.StepDefinations.user_is_able_to_access_the_home_page()
  Given : The user navigates to the home page                 # steps.StepDefinations.the_user_navigates_to_the_home_page()
  When : the user clicks on searchbar and enters "<products>" # steps.StepDefinations.the_User_Clicks_On_Searchbar_And_Enters(java.lang.String)
      java.lang.NullPointerException: Cannot invoke "Pages.HomePage.getSearchBox()" because "this.homePage" is null
	at steps.StepDefinations.the_User_Clicks_On_Searchbar_And_Enters(StepDefinations.java:68)
	at ✽.: the user clicks on searchbar and enters "<products>"(file:///C:/Download/Capg/Cucumber/src/test/resources/features/Nykaa_Customisation.feature:29)

  Then : Products gets displayed                              # steps.StepDefinations.products_Gets_Displayed(java.lang.String)

    Embedding screenshot [image/png 1068550 bytes]

]]></system-out>
    <system-err><![CDATA[Starting ChromeDriver 110.0.5481.30 (aedb656755c469651f01505a4f15e153fc606a1e-refs/branch-heads/5481@{#191}) on port 59477
Only local connections are allowed.
Please see https://chromedriver.chromium.org/security-considerations for suggestions on keeping ChromeDriver safe.
ChromeDriver was started successfully.
[1677484979.977][WARNING]: virtual void DevToolsClientImpl::AddListener(DevToolsEventListener *) subscribing a listener to the already connected DevToolsClient. Connection notification will not arrive.
Feb 27, 2023 1:32:59 PM org.openqa.selenium.remote.ProtocolHandshake createSession
INFO: Detected dialect: W3C
]]></system-err>
  </testcase>
</testsuite>